# JRE version: OpenJDK Runtime Environment (8.0_242-b01) (build 1.8.0_242-release-1644-b01)
# Java VM: OpenJDK 64-Bit Server VM (25.242-b01 mixed mode windows-amd64 compressed oops)
Heap:
 PSYoungGen      total 119296K, used 66494K [0x00000000d5580000, 0x00000000e1e00000, 0x0000000100000000)
  eden space 107008K, 62% used [0x00000000d5580000,0x00000000d966f850,0x00000000dbe00000)
  from space 12288K, 0% used [0x00000000dbe00000,0x00000000dbe00000,0x00000000dca00000)
  to   space 11776K, 0% used [0x00000000e1280000,0x00000000e1280000,0x00000000e1e00000)
 ParOldGen       total 146432K, used 14314K [0x0000000080000000, 0x0000000088f00000, 0x00000000d5580000)
  object space 146432K, 9% used [0x0000000080000000,0x0000000080dfa910,0x0000000088f00000)
 Metaspace       used 36415K, capacity 37784K, committed 37928K, reserved 1081344K
  class space    used 5002K, capacity 5305K, committed 5424K, reserved 1048576K
GC Heap History (10 events):
Event: 6.187 GC heap before
{Heap before GC invocations=5 (full 1):
 PSYoungGen      total 76288K, used 7213K [0x00000000d5580000, 0x00000000dea80000, 0x0000000100000000)
  eden space 65536K, 0% used [0x00000000d5580000,0x00000000d5580000,0x00000000d9580000)
  from space 10752K, 67% used [0x00000000da000000,0x00000000da70b480,0x00000000daa80000)
  to   space 10752K, 0% used [0x00000000d9580000,0x00000000d9580000,0x00000000da000000)
 ParOldGen       total 175104K, used 889K [0x0000000080000000, 0x000000008ab00000, 0x00000000d5580000)
  object space 175104K, 0% used [0x0000000080000000,0x00000000800de5c8,0x000000008ab00000)
 Metaspace       used 20598K, capacity 21236K, committed 21296K, reserved 1067008K
  class space    used 2875K, capacity 3080K, committed 3120K, reserved 1048576K
Event: 6.235 GC heap after
Heap after GC invocations=5 (full 1):
 PSYoungGen      total 76288K, used 0K [0x00000000d5580000, 0x00000000dea80000, 0x0000000100000000)
  eden space 65536K, 0% used [0x00000000d5580000,0x00000000d5580000,0x00000000d9580000)
  from space 10752K, 0% used [0x00000000da000000,0x00000000da000000,0x00000000daa80000)
  to   space 10752K, 0% used [0x00000000d9580000,0x00000000d9580000,0x00000000da000000)
 ParOldGen       total 95744K, used 7078K [0x0000000080000000, 0x0000000085d80000, 0x00000000d5580000)
  object space 95744K, 7% used [0x0000000080000000,0x00000000806e9918,0x0000000085d80000)
 Metaspace       used 20598K, capacity 21236K, committed 21296K, reserved 1067008K
  class space    used 2875K, capacity 3080K, committed 3120K, reserved 1048576K
}
Event: 7.179 GC heap before
{Heap before GC invocations=6 (full 1):
 PSYoungGen      total 76288K, used 65536K [0x00000000d5580000, 0x00000000dea80000, 0x0000000100000000)
  eden space 65536K, 100% used [0x00000000d5580000,0x00000000d9580000,0x00000000d9580000)
  from space 10752K, 0% used [0x00000000da000000,0x00000000da000000,0x00000000daa80000)
  to   space 10752K, 0% used [0x00000000d9580000,0x00000000d9580000,0x00000000da000000)
 ParOldGen       total 95744K, used 7078K [0x0000000080000000, 0x0000000085d80000, 0x00000000d5580000)
  object space 95744K, 7% used [0x0000000080000000,0x00000000806e9918,0x0000000085d80000)
 Metaspace       used 28865K, capacity 29708K, committed 29872K, reserved 1075200K
  class space    used 3995K, capacity 4231K, committed 4272K, reserved 1048576K
Event: 7.184 GC heap after
Heap after GC invocations=6 (full 1):
 PSYoungGen      total 76288K, used 8652K [0x00000000d5580000, 0x00000000dd600000, 0x0000000100000000)
  eden space 65536K, 0% used [0x00000000d5580000,0x00000000d5580000,0x00000000d9580000)
  from space 10752K, 80% used [0x00000000d9580000,0x00000000d9df31f8,0x00000000da000000)
  to   space 12288K, 0% used [0x00000000dca00000,0x00000000dca00000,0x00000000dd600000)
 ParOldGen       total 95744K, used 7086K [0x0000000080000000, 0x0000000085d80000, 0x00000000d5580000)
  object space 95744K, 7% used [0x0000000080000000,0x00000000806eb918,0x0000000085d80000)
 Metaspace       used 28865K, capacity 29708K, committed 29872K, reserved 1075200K
  class space    used 3995K, capacity 4231K, committed 4272K, reserved 1048576K
}
Event: 7.899 GC heap before
{Heap before GC invocations=7 (full 1):
 PSYoungGen      total 76288K, used 74188K [0x00000000d5580000, 0x00000000dd600000, 0x0000000100000000)
  eden space 65536K, 100% used [0x00000000d5580000,0x00000000d9580000,0x00000000d9580000)
  from space 10752K, 80% used [0x00000000d9580000,0x00000000d9df31f8,0x00000000da000000)
  to   space 12288K, 0% used [0x00000000dca00000,0x00000000dca00000,0x00000000dd600000)
 ParOldGen       total 95744K, used 7086K [0x0000000080000000, 0x0000000085d80000, 0x00000000d5580000)
  object space 95744K, 7% used [0x0000000080000000,0x00000000806eb918,0x0000000085d80000)
 Metaspace       used 33046K, capacity 34190K, committed 34352K, reserved 1079296K
  class space    used 4514K, capacity 4794K, committed 4912K, reserved 1048576K
Event: 7.912 GC heap after
Heap after GC invocations=7 (full 1):
 PSYoungGen      total 119296K, used 9345K [0x00000000d5580000, 0x00000000dd800000, 0x0000000100000000)
  eden space 107008K, 0% used [0x00000000d5580000,0x00000000d5580000,0x00000000dbe00000)
  from space 12288K, 76% used [0x00000000dca00000,0x00000000dd320540,0x00000000dd600000)
  to   space 12288K, 0% used [0x00000000dbe00000,0x00000000dbe00000,0x00000000dca00000)
 ParOldGen       total 95744K, used 7094K [0x0000000080000000, 0x0000000085d80000, 0x00000000d5580000)
  object space 95744K, 7% used [0x0000000080000000,0x00000000806ed918,0x0000000085d80000)
 Metaspace       used 33046K, capacity 34190K, committed 34352K, reserved 1079296K
  class space    used 4514K, capacity 4794K, committed 4912K, reserved 1048576K
}
Event: 8.171 GC heap before
{Heap before GC invocations=8 (full 1):
 PSYoungGen      total 119296K, used 36699K [0x00000000d5580000, 0x00000000dd800000, 0x0000000100000000)
  eden space 107008K, 25% used [0x00000000d5580000,0x00000000d7036a08,0x00000000dbe00000)
  from space 12288K, 76% used [0x00000000dca00000,0x00000000dd320540,0x00000000dd600000)
  to   space 12288K, 0% used [0x00000000dbe00000,0x00000000dbe00000,0x00000000dca00000)
 ParOldGen       total 95744K, used 7094K [0x0000000080000000, 0x0000000085d80000, 0x00000000d5580000)
  object space 95744K, 7% used [0x0000000080000000,0x00000000806ed918,0x0000000085d80000)
 Metaspace       used 34303K, capacity 35426K, committed 35496K, reserved 1079296K
  class space    used 4713K, capacity 5006K, committed 5040K, reserved 1048576K
Event: 8.178 GC heap after
Heap after GC invocations=8 (full 1):
 PSYoungGen      total 119296K, used 7963K [0x00000000d5580000, 0x00000000e1e00000, 0x0000000100000000)
  eden space 107008K, 0% used [0x00000000d5580000,0x00000000d5580000,0x00000000dbe00000)
  from space 12288K, 64% used [0x00000000dbe00000,0x00000000dc5c6fa8,0x00000000dca00000)
  to   space 11776K, 0% used [0x00000000e1280000,0x00000000e1280000,0x00000000e1e00000)
 ParOldGen       total 95744K, used 7102K [0x0000000080000000, 0x0000000085d80000, 0x00000000d5580000)
  object space 95744K, 7% used [0x0000000080000000,0x00000000806ef918,0x0000000085d80000)
 Metaspace       used 34303K, capacity 35426K, committed 35496K, reserved 1079296K
  class space    used 4713K, capacity 5006K, committed 5040K, reserved 1048576K
}
Event: 8.178 GC heap before
{Heap before GC invocations=9 (full 2):
 PSYoungGen      total 119296K, used 7963K [0x00000000d5580000, 0x00000000e1e00000, 0x0000000100000000)
  eden space 107008K, 0% used [0x00000000d5580000,0x00000000d5580000,0x00000000dbe00000)
  from space 12288K, 64% used [0x00000000dbe00000,0x00000000dc5c6fa8,0x00000000dca00000)
  to   space 11776K, 0% used [0x00000000e1280000,0x00000000e1280000,0x00000000e1e00000)
 ParOldGen       total 95744K, used 7102K [0x0000000080000000, 0x0000000085d80000, 0x00000000d5580000)
  object space 95744K, 7% used [0x0000000080000000,0x00000000806ef918,0x0000000085d80000)
 Metaspace       used 34303K, capacity 35426K, committed 35496K, reserved 1079296K
  class space    used 4713K, capacity 5006K, committed 5040K, reserved 1048576K
Event: 8.230 GC heap after
Heap after GC invocations=9 (full 2):
 PSYoungGen      total 119296K, used 0K [0x00000000d5580000, 0x00000000e1e00000, 0x0000000100000000)
  eden space 107008K, 0% used [0x00000000d5580000,0x00000000d5580000,0x00000000dbe00000)
  from space 12288K, 0% used [0x00000000dbe00000,0x00000000dbe00000,0x00000000dca00000)
  to   space 11776K, 0% used [0x00000000e1280000,0x00000000e1280000,0x00000000e1e00000)
 ParOldGen       total 146432K, used 14314K [0x0000000080000000, 0x0000000088f00000, 0x00000000d5580000)
  object space 146432K, 9% used [0x0000000080000000,0x0000000080dfa910,0x0000000088f00000)
 Metaspace       used 34303K, capacity 35426K, committed 35496K, reserved 1079296K
  class space    used 4713K, capacity 5006K, committed 5040K, reserved 1048576K
}

